{"name":"Access the Web Automation Demo Site","id":"automationtesting;access-the-web-automation-demo-site","testSteps":[{"number":1,"description":"Given Emmanuel wants to access the automation website","duration":9951,"startTime":"2022-01-11T18:58:17.894-05:00[America/Bogota]","screenshots":[{"screenshot":"861c9000eff04b3c4ad7dc03aad8ee8995824cf5a0047cb22c3c8540c543fdba.png","timeStamp":1641945507845}],"result":"SUCCESS","precondition":false,"level":0,"lineNumber":0,"children":[{"number":2,"description":"Emmanuel open up","duration":8902,"startTime":"2022-01-11T18:58:18.606-05:00[America/Bogota]","screenshots":[{"screenshot":"f5ea986609d98783b269121c2d92f4b3c99e64d48088fdc9db6aff7f232cfc31.png","timeStamp":1641945507508}],"result":"SUCCESS","precondition":false,"level":1,"lineNumber":0,"children":[{"number":3,"description":"Emmanuel opens the Test page","duration":8843,"startTime":"2022-01-11T18:58:18.637-05:00[America/Bogota]","screenshots":[{"screenshot":"f5ea986609d98783b269121c2d92f4b3c99e64d48088fdc9db6aff7f232cfc31.png","timeStamp":1641945507479}],"result":"SUCCESS","precondition":false,"level":2,"lineNumber":0}]}]},{"number":4,"description":"When he makes the registration on the page","duration":10885,"startTime":"2022-01-11T18:58:27.848-05:00[America/Bogota]","exception":{"errorType":"net.thucydides.core.webdriver.exceptions.ElementShouldBeEnabledException","message":"Expected enabled element was not enabled","stackTrace":[{"declaringClass":"co.com.choucair.certificacion.test.tasks.Register","methodName":"performAs","fileName":"Register.java","lineNumber":18},{"declaringClass":"co.com.choucair.certificacion.test.stepdefinitions.TestStepDefinitions","methodName":"heMakesTheRegistrationOnThePage","fileName":"TestStepDefinitions.java","lineNumber":26},{"declaringClass":"cucumber.runner.Runner","methodName":"runPickle","fileName":"Runner.java","lineNumber":80}],"rootCause":{"errorType":"org.openqa.selenium.TimeoutException","message":"Expected condition failed: waiting for By.xpath: //*[contains(@class,\u0027checks\u0027)]//input[@value\u003d\u0027Cricket\u0027] to be enabled (tried for 5 second(s) with 100 milliseconds interval)","stackTrace":[{"declaringClass":"co.com.choucair.certificacion.test.tasks.Register","methodName":"performAs","fileName":"Register.java","lineNumber":18},{"declaringClass":"co.com.choucair.certificacion.test.stepdefinitions.TestStepDefinitions","methodName":"heMakesTheRegistrationOnThePage","fileName":"TestStepDefinitions.java","lineNumber":26},{"declaringClass":"cucumber.runner.Runner","methodName":"runPickle","fileName":"Runner.java","lineNumber":80}],"rootCause":{"errorType":"org.openqa.selenium.NoSuchElementException","message":"no such element: Unable to locate element: {\"method\":\"xpath\",\"selector\":\"//*[contains(@class,\u0027checks\u0027)]//input[@value\u003d\u0027Cricket\u0027]\"}\n  (Session info: chrome\u003d97.0.4692.71)\nFor documentation on this error, please visit: https://www.seleniumhq.org/exceptions/no_such_element.html\nBuild info: version: \u00273.141.59\u0027, revision: \u0027e82be7d358\u0027, time: \u00272018-11-14T08:17:03\u0027\nSystem info: host: \u0027PIRATADELROCKG\u0027, ip: \u0027192.168.1.112\u0027, os.name: \u0027Windows 10\u0027, os.arch: \u0027amd64\u0027, os.version: \u002710.0\u0027, java.version: \u00271.8.0_202\u0027\nDriver info: org.openqa.selenium.chrome.ChromeDriver\nCapabilities {acceptInsecureCerts: false, browserName: chrome, browserVersion: 97.0.4692.71, chrome: {chromedriverVersion: 97.0.4692.71 (adefa7837d02a..., userDataDir: C:\\Users\\ejroc\\AppData\\Loca...}, goog:chromeOptions: {debuggerAddress: localhost:58892}, javascriptEnabled: true, networkConnectionEnabled: false, pageLoadStrategy: normal, platform: WINDOWS, platformName: WINDOWS, proxy: Proxy(), setWindowRect: true, strictFileInteractability: false, timeouts: {implicit: 0, pageLoad: 300000, script: 30000}, unhandledPromptBehavior: dismiss and notify, webauthn:extension:credBlob: true, webauthn:extension:largeBlob: true, webauthn:virtualAuthenticators: true}\nSession ID: ce75252fff70a37a6bff58d02903aca0\n*** Element info: {Using\u003dxpath, value\u003d//*[contains(@class,\u0027checks\u0027)]//input[@value\u003d\u0027Cricket\u0027]}","stackTrace":[{"declaringClass":"co.com.choucair.certificacion.test.tasks.Register","methodName":"performAs","fileName":"Register.java","lineNumber":18},{"declaringClass":"co.com.choucair.certificacion.test.stepdefinitions.TestStepDefinitions","methodName":"heMakesTheRegistrationOnThePage","fileName":"TestStepDefinitions.java","lineNumber":26},{"declaringClass":"cucumber.runner.Runner","methodName":"runPickle","fileName":"Runner.java","lineNumber":80}]}}},"result":"FAILURE","precondition":false,"level":0,"lineNumber":0,"children":[{"number":5,"description":"Emmanuel register","duration":10825,"startTime":"2022-01-11T18:58:27.862-05:00[America/Bogota]","exception":{"errorType":"net.thucydides.core.webdriver.exceptions.ElementShouldBeEnabledException","message":"Expected enabled element was not enabled","stackTrace":[{"declaringClass":"co.com.choucair.certificacion.test.tasks.Register","methodName":"performAs","fileName":"Register.java","lineNumber":18},{"declaringClass":"co.com.choucair.certificacion.test.stepdefinitions.TestStepDefinitions","methodName":"heMakesTheRegistrationOnThePage","fileName":"TestStepDefinitions.java","lineNumber":26},{"declaringClass":"cucumber.runner.Runner","methodName":"runPickle","fileName":"Runner.java","lineNumber":80}],"rootCause":{"errorType":"org.openqa.selenium.TimeoutException","message":"Expected condition failed: waiting for By.xpath: //*[contains(@class,\u0027checks\u0027)]//input[@value\u003d\u0027Cricket\u0027] to be enabled (tried for 5 second(s) with 100 milliseconds interval)","stackTrace":[{"declaringClass":"co.com.choucair.certificacion.test.tasks.Register","methodName":"performAs","fileName":"Register.java","lineNumber":18},{"declaringClass":"co.com.choucair.certificacion.test.stepdefinitions.TestStepDefinitions","methodName":"heMakesTheRegistrationOnThePage","fileName":"TestStepDefinitions.java","lineNumber":26},{"declaringClass":"cucumber.runner.Runner","methodName":"runPickle","fileName":"Runner.java","lineNumber":80}],"rootCause":{"errorType":"org.openqa.selenium.NoSuchElementException","message":"no such element: Unable to locate element: {\"method\":\"xpath\",\"selector\":\"//*[contains(@class,\u0027checks\u0027)]//input[@value\u003d\u0027Cricket\u0027]\"}\n  (Session info: chrome\u003d97.0.4692.71)\nFor documentation on this error, please visit: https://www.seleniumhq.org/exceptions/no_such_element.html\nBuild info: version: \u00273.141.59\u0027, revision: \u0027e82be7d358\u0027, time: \u00272018-11-14T08:17:03\u0027\nSystem info: host: \u0027PIRATADELROCKG\u0027, ip: \u0027192.168.1.112\u0027, os.name: \u0027Windows 10\u0027, os.arch: \u0027amd64\u0027, os.version: \u002710.0\u0027, java.version: \u00271.8.0_202\u0027\nDriver info: org.openqa.selenium.chrome.ChromeDriver\nCapabilities {acceptInsecureCerts: false, browserName: chrome, browserVersion: 97.0.4692.71, chrome: {chromedriverVersion: 97.0.4692.71 (adefa7837d02a..., userDataDir: C:\\Users\\ejroc\\AppData\\Loca...}, goog:chromeOptions: {debuggerAddress: localhost:58892}, javascriptEnabled: true, networkConnectionEnabled: false, pageLoadStrategy: normal, platform: WINDOWS, platformName: WINDOWS, proxy: Proxy(), setWindowRect: true, strictFileInteractability: false, timeouts: {implicit: 0, pageLoad: 300000, script: 30000}, unhandledPromptBehavior: dismiss and notify, webauthn:extension:credBlob: true, webauthn:extension:largeBlob: true, webauthn:virtualAuthenticators: true}\nSession ID: ce75252fff70a37a6bff58d02903aca0\n*** Element info: {Using\u003dxpath, value\u003d//*[contains(@class,\u0027checks\u0027)]//input[@value\u003d\u0027Cricket\u0027]}","stackTrace":[{"declaringClass":"co.com.choucair.certificacion.test.tasks.Register","methodName":"performAs","fileName":"Register.java","lineNumber":18},{"declaringClass":"co.com.choucair.certificacion.test.stepdefinitions.TestStepDefinitions","methodName":"heMakesTheRegistrationOnThePage","fileName":"TestStepDefinitions.java","lineNumber":26},{"declaringClass":"cucumber.runner.Runner","methodName":"runPickle","fileName":"Runner.java","lineNumber":80}]}}},"result":"FAILURE","precondition":false,"level":1,"lineNumber":0,"children":[{"number":6,"description":"Emmanuel clicks on Acepta los terminos","duration":10775,"startTime":"2022-01-11T18:58:27.875-05:00[America/Bogota]","screenshots":[{"screenshot":"861c9000eff04b3c4ad7dc03aad8ee8995824cf5a0047cb22c3c8540c543fdba.png","htmlSource":"pagesource7210623354958343966.html.txt","timeStamp":1641945518636}],"exception":{"errorType":"net.thucydides.core.webdriver.exceptions.ElementShouldBeEnabledException","message":"Expected enabled element was not enabled","stackTrace":[{"declaringClass":"co.com.choucair.certificacion.test.tasks.Register","methodName":"performAs","fileName":"Register.java","lineNumber":18},{"declaringClass":"co.com.choucair.certificacion.test.stepdefinitions.TestStepDefinitions","methodName":"heMakesTheRegistrationOnThePage","fileName":"TestStepDefinitions.java","lineNumber":26},{"declaringClass":"cucumber.runner.Runner","methodName":"runPickle","fileName":"Runner.java","lineNumber":80}],"rootCause":{"errorType":"org.openqa.selenium.TimeoutException","message":"Expected condition failed: waiting for By.xpath: //*[contains(@class,\u0027checks\u0027)]//input[@value\u003d\u0027Cricket\u0027] to be enabled (tried for 5 second(s) with 100 milliseconds interval)","stackTrace":[{"declaringClass":"co.com.choucair.certificacion.test.tasks.Register","methodName":"performAs","fileName":"Register.java","lineNumber":18},{"declaringClass":"co.com.choucair.certificacion.test.stepdefinitions.TestStepDefinitions","methodName":"heMakesTheRegistrationOnThePage","fileName":"TestStepDefinitions.java","lineNumber":26},{"declaringClass":"cucumber.runner.Runner","methodName":"runPickle","fileName":"Runner.java","lineNumber":80}],"rootCause":{"errorType":"org.openqa.selenium.NoSuchElementException","message":"no such element: Unable to locate element: {\"method\":\"xpath\",\"selector\":\"//*[contains(@class,\u0027checks\u0027)]//input[@value\u003d\u0027Cricket\u0027]\"}\n  (Session info: chrome\u003d97.0.4692.71)\nFor documentation on this error, please visit: https://www.seleniumhq.org/exceptions/no_such_element.html\nBuild info: version: \u00273.141.59\u0027, revision: \u0027e82be7d358\u0027, time: \u00272018-11-14T08:17:03\u0027\nSystem info: host: \u0027PIRATADELROCKG\u0027, ip: \u0027192.168.1.112\u0027, os.name: \u0027Windows 10\u0027, os.arch: \u0027amd64\u0027, os.version: \u002710.0\u0027, java.version: \u00271.8.0_202\u0027\nDriver info: org.openqa.selenium.chrome.ChromeDriver\nCapabilities {acceptInsecureCerts: false, browserName: chrome, browserVersion: 97.0.4692.71, chrome: {chromedriverVersion: 97.0.4692.71 (adefa7837d02a..., userDataDir: C:\\Users\\ejroc\\AppData\\Loca...}, goog:chromeOptions: {debuggerAddress: localhost:58892}, javascriptEnabled: true, networkConnectionEnabled: false, pageLoadStrategy: normal, platform: WINDOWS, platformName: WINDOWS, proxy: Proxy(), setWindowRect: true, strictFileInteractability: false, timeouts: {implicit: 0, pageLoad: 300000, script: 30000}, unhandledPromptBehavior: dismiss and notify, webauthn:extension:credBlob: true, webauthn:extension:largeBlob: true, webauthn:virtualAuthenticators: true}\nSession ID: ce75252fff70a37a6bff58d02903aca0\n*** Element info: {Using\u003dxpath, value\u003d//*[contains(@class,\u0027checks\u0027)]//input[@value\u003d\u0027Cricket\u0027]}","stackTrace":[{"declaringClass":"co.com.choucair.certificacion.test.tasks.Register","methodName":"performAs","fileName":"Register.java","lineNumber":18},{"declaringClass":"co.com.choucair.certificacion.test.stepdefinitions.TestStepDefinitions","methodName":"heMakesTheRegistrationOnThePage","fileName":"TestStepDefinitions.java","lineNumber":26},{"declaringClass":"cucumber.runner.Runner","methodName":"runPickle","fileName":"Runner.java","lineNumber":80}]}}},"result":"FAILURE","precondition":false,"level":2,"lineNumber":0}]}]},{"number":7,"description":"Then he verifies that the screen loads correctly","duration":7,"startTime":"2022-01-11T18:58:38.772-05:00[America/Bogota]","result":"SKIPPED","precondition":false,"level":0,"lineNumber":0}],"userStory":{"id":"automationtesting","storyName":"automationtesting","path":"src/test/resources/features/test.feature","narrative":"    As a user, I want create an account","type":"feature"},"featureTag":{"name":"Features/automationtesting","type":"feature","displayName":"Features/automationtesting"},"title":"Access the Web Automation Demo Site","tags":[{"name":"scenario1","type":"tag","displayName":"scenario1"},{"name":"stories","type":"tag","displayName":"stories"},{"name":"automationtesting","type":"feature","displayName":"automationtesting"}],"startTime":"2022-01-11T18:58:17.732-05:00[America/Bogota]","duration":21052,"testFailureCause":{"errorType":"net.thucydides.core.webdriver.exceptions.ElementShouldBeEnabledException","message":"Expected enabled element was not enabled","stackTrace":[{"declaringClass":"co.com.choucair.certificacion.test.tasks.Register","methodName":"performAs","fileName":"Register.java","lineNumber":18},{"declaringClass":"co.com.choucair.certificacion.test.stepdefinitions.TestStepDefinitions","methodName":"heMakesTheRegistrationOnThePage","fileName":"TestStepDefinitions.java","lineNumber":26},{"declaringClass":"cucumber.runner.Runner","methodName":"runPickle","fileName":"Runner.java","lineNumber":80}],"rootCause":{"errorType":"org.openqa.selenium.TimeoutException","message":"Expected condition failed: waiting for By.xpath: //*[contains(@class,\u0027checks\u0027)]//input[@value\u003d\u0027Cricket\u0027] to be enabled (tried for 5 second(s) with 100 milliseconds interval)","stackTrace":[{"declaringClass":"co.com.choucair.certificacion.test.tasks.Register","methodName":"performAs","fileName":"Register.java","lineNumber":18},{"declaringClass":"co.com.choucair.certificacion.test.stepdefinitions.TestStepDefinitions","methodName":"heMakesTheRegistrationOnThePage","fileName":"TestStepDefinitions.java","lineNumber":26},{"declaringClass":"cucumber.runner.Runner","methodName":"runPickle","fileName":"Runner.java","lineNumber":80}],"rootCause":{"errorType":"org.openqa.selenium.NoSuchElementException","message":"no such element: Unable to locate element: {\"method\":\"xpath\",\"selector\":\"//*[contains(@class,\u0027checks\u0027)]//input[@value\u003d\u0027Cricket\u0027]\"}\n  (Session info: chrome\u003d97.0.4692.71)\nFor documentation on this error, please visit: https://www.seleniumhq.org/exceptions/no_such_element.html\nBuild info: version: \u00273.141.59\u0027, revision: \u0027e82be7d358\u0027, time: \u00272018-11-14T08:17:03\u0027\nSystem info: host: \u0027PIRATADELROCKG\u0027, ip: \u0027192.168.1.112\u0027, os.name: \u0027Windows 10\u0027, os.arch: \u0027amd64\u0027, os.version: \u002710.0\u0027, java.version: \u00271.8.0_202\u0027\nDriver info: org.openqa.selenium.chrome.ChromeDriver\nCapabilities {acceptInsecureCerts: false, browserName: chrome, browserVersion: 97.0.4692.71, chrome: {chromedriverVersion: 97.0.4692.71 (adefa7837d02a..., userDataDir: C:\\Users\\ejroc\\AppData\\Loca...}, goog:chromeOptions: {debuggerAddress: localhost:58892}, javascriptEnabled: true, networkConnectionEnabled: false, pageLoadStrategy: normal, platform: WINDOWS, platformName: WINDOWS, proxy: Proxy(), setWindowRect: true, strictFileInteractability: false, timeouts: {implicit: 0, pageLoad: 300000, script: 30000}, unhandledPromptBehavior: dismiss and notify, webauthn:extension:credBlob: true, webauthn:extension:largeBlob: true, webauthn:virtualAuthenticators: true}\nSession ID: ce75252fff70a37a6bff58d02903aca0\n*** Element info: {Using\u003dxpath, value\u003d//*[contains(@class,\u0027checks\u0027)]//input[@value\u003d\u0027Cricket\u0027]}","stackTrace":[{"declaringClass":"co.com.choucair.certificacion.test.tasks.Register","methodName":"performAs","fileName":"Register.java","lineNumber":18},{"declaringClass":"co.com.choucair.certificacion.test.stepdefinitions.TestStepDefinitions","methodName":"heMakesTheRegistrationOnThePage","fileName":"TestStepDefinitions.java","lineNumber":26},{"declaringClass":"cucumber.runner.Runner","methodName":"runPickle","fileName":"Runner.java","lineNumber":80}]}}},"testFailureClassname":"net.thucydides.core.webdriver.exceptions.ElementShouldBeEnabledException","testFailureMessage":"Expected enabled element was not enabled","testFailureSummary":"FAILURE;net.thucydides.core.webdriver.exceptions.ElementShouldBeEnabledException;Expected enabled element was not enabled;Register.java","projectKey":"","annotatedResult":"FAILURE","sessionId":"ce75252fff70a37a6bff58d02903aca0","driver":"chrome:emmanuel","isManualTestingUpToDate":false,"manual":false,"testSource":"Cucumber","actors":[{"name":"Emmanuel","can":["browse the web"]}],"result":"FAILURE"}